\BOOKMARK [0][-]{section*.1}{\376\377\000\315\000n\000d\000i\000c\000e\000\040\000g\000e\000n\000e\000r\000a\000l}{}% 1
\BOOKMARK [0][-]{section*.2}{\376\377\000\315\000n\000d\000i\000c\000e\000\040\000d\000e\000\040\000f\000i\000g\000u\000r\000a\000s}{}% 2
\BOOKMARK [0][-]{section*.3}{\376\377\000\315\000n\000d\000i\000c\000e\000\040\000d\000e\000\040\000t\000a\000b\000l\000a\000s}{}% 3
\BOOKMARK [0][-]{chapter.1}{\376\377\000I\000n\000t\000r\000o\000d\000u\000c\000c\000i\000\363\000n}{}% 4
\BOOKMARK [1][-]{section.1.1}{\376\377\000M\000o\000t\000i\000v\000a\000c\000i\000\363\000n}{chapter.1}% 5
\BOOKMARK [1][-]{section.1.2}{\376\377\000O\000b\000j\000e\000t\000i\000v\000o\000s}{chapter.1}% 6
\BOOKMARK [1][-]{section.1.3}{\376\377\000E\000s\000t\000r\000u\000c\000t\000u\000r\000a\000\040\000d\000e\000l\000\040\000d\000o\000c\000u\000m\000e\000n\000t\000o}{chapter.1}% 7
\BOOKMARK [0][-]{chapter.2}{\376\377\000P\000r\000e\000l\000i\000m\000i\000n\000a\000r\000e\000s}{}% 8
\BOOKMARK [1][-]{section.2.1}{\376\377\000A\000p\000r\000e\000n\000d\000i\000z\000a\000j\000e\000\040\000a\000u\000t\000o\000m\000\341\000t\000i\000c\000o}{chapter.2}% 9
\BOOKMARK [1][-]{section.2.2}{\376\377\000R\000e\000d\000e\000s\000\040\000n\000e\000u\000r\000o\000n\000a\000l\000e\000s}{chapter.2}% 10
\BOOKMARK [1][-]{section.2.3}{\376\377\000M\000L\000\040\000a\000p\000l\000i\000c\000a\000d\000o\000\040\000a\000\040\000C\000V\000\040\000y\000\040\000t\000a\000r\000e\000a\000s\000\040\000b\000i\000o\000m\000\351\000d\000i\000c\000a\000s\000\040\000\050\000M\000e\000d\000M\000N\000I\000S\000T\000\051}{chapter.2}% 11
\BOOKMARK [0][-]{chapter.3}{\376\377\000C\000a\000p\000\355\000t\000u\000l\000o\000\040\0001\000\040\000d\000e\000\040\000c\000o\000n\000t\000r\000i\000b\000u\000c\000i\000\363\000n}{}% 12
\BOOKMARK [0][-]{chapter.4}{\376\377\000C\000a\000p\000\355\000t\000u\000l\000o\000\040\0002\000\040\000d\000e\000\040\000c\000o\000n\000t\000r\000i\000b\000u\000c\000i\000\363\000n}{}% 13
\BOOKMARK [0][-]{chapter.5}{\376\377\000C\000a\000p\000\355\000t\000u\000l\000o\000\040\0003\000\040\000d\000e\000\040\000c\000o\000n\000t\000r\000i\000b\000u\000c\000i\000\363\000n}{}% 14
\BOOKMARK [0][-]{chapter.6}{\376\377\000C\000o\000n\000c\000l\000u\000s\000i\000o\000n\000e\000s}{}% 15
\BOOKMARK [1][-]{section.6.1}{\376\377\000R\000e\000s\000u\000m\000e\000n\000\040\000d\000e\000l\000\040\000t\000r\000a\000b\000a\000j\000o\000\040\000r\000e\000a\000l\000i\000z\000a\000d\000o}{chapter.6}% 16
\BOOKMARK [1][-]{section.6.2}{\376\377\000O\000b\000j\000e\000t\000i\000v\000o\000s\000\040\000a\000l\000c\000a\000n\000z\000a\000d\000o\000s}{chapter.6}% 17
\BOOKMARK [1][-]{section.6.3}{\376\377\000T\000r\000a\000b\000a\000j\000o\000\040\000f\000u\000t\000u\000r\000o}{chapter.6}% 18
\BOOKMARK [0][-]{appendix.Alph1}{\376\377\000C\000o\000n\000f\000i\000g\000u\000r\000a\000c\000i\000\363\000n\000\040\000d\000e\000l\000\040\000s\000i\000s\000t\000e\000m\000a}{}% 19
\BOOKMARK [0][-]{appendix.Alph2}{\376\377\000O\000t\000r\000o\000\040\000a\000p\000\351\000n\000d\000i\000c\000e}{}% 20
